\BOOKMARK [1][-]{section*.1}{ABSTRACT}{}% 1
\BOOKMARK [1][-]{section*.1}{TABLE OF CONTENTS}{}% 2
\BOOKMARK [1][-]{section.1}{INTRODUCTION}{}% 3
\BOOKMARK [1][-]{section.2}{METHOD}{}% 4
\BOOKMARK [2][-]{subsection.2.1}{Master alloy}{section.2}% 5
\BOOKMARK [2][-]{subsection.2.2}{dc magnetron sputtering}{section.2}% 6
\BOOKMARK [2][-]{subsection.2.3}{Stylus profiler analysis}{section.2}% 7
\BOOKMARK [2][-]{subsection.2.4}{eds analysis}{section.2}% 8
\BOOKMARK [2][-]{subsection.2.5}{dsc characterization}{section.2}% 9
\BOOKMARK [2][-]{subsection.2.6}{xrd characterization}{section.2}% 10
\BOOKMARK [1][-]{section.3}{RESULTS}{}% 11
\BOOKMARK [2][-]{subsection.3.1}{Alloy composition}{section.3}% 12
\BOOKMARK [2][-]{subsection.3.2}{dsc}{section.3}% 13
\BOOKMARK [3][-]{subsubsection.3.2.1}{Isochronic dsc}{subsection.3.2}% 14
\BOOKMARK [3][-]{subsubsection.3.2.2}{Fragility}{subsection.3.2}% 15
\BOOKMARK [2][-]{subsection.3.3}{dsc deconvolution}{section.3}% 16
\BOOKMARK [3][-]{subsubsection.3.3.1}{Onset determination}{subsection.3.3}% 17
\BOOKMARK [3][-]{subsubsection.3.3.2}{Reaction enthalpy}{subsection.3.3}% 18
\BOOKMARK [3][-]{subsubsection.3.3.3}{Relaxation enthalpy}{subsection.3.3}% 19
\BOOKMARK [2][-]{subsection.3.4}{xrd}{section.3}% 20
\BOOKMARK [3][-]{subsubsection.3.4.1}{Annealing xrd}{subsection.3.4}% 21
\BOOKMARK [3][-]{subsubsection.3.4.2}{Dynamic xrd}{subsection.3.4}% 22
\BOOKMARK [1][-]{section.4}{DISCUSSION}{}% 23
\BOOKMARK [1][-]{section.5}{CONCLUSIONS}{}% 24
\BOOKMARK [1][-]{section.6}{ACKNOWLEDGEMENTS}{}% 25
\BOOKMARK [1][-]{section.7}{REFERENCES}{}% 26
